{"/home/ichwan/program/nodejs/nodejs-fullstack/backend/src/index.js": {"path":"/home/ichwan/program/nodejs/nodejs-fullstack/backend/src/index.js","statementMap":{"0":{"start":{"line":8,"column":0},"end":{"line":8,"column":16}},"1":{"start":{"line":10,"column":19},"end":{"line":10,"column":28}},"2":{"start":{"line":12,"column":0},"end":{"line":21,"column":2}},"3":{"start":{"line":23,"column":0},"end":{"line":28,"column":2}},"4":{"start":{"line":30,"column":0},"end":{"line":30,"column":24}},"5":{"start":{"line":31,"column":0},"end":{"line":31,"column":20}},"6":{"start":{"line":32,"column":0},"end":{"line":32,"column":25}},"7":{"start":{"line":33,"column":0},"end":{"line":35,"column":3}},"8":{"start":{"line":34,"column":2},"end":{"line":34,"column":44}}},"fnMap":{"0":{"name":"(anonymous_0)","decl":{"start":{"line":33,"column":33},"end":{"line":33,"column":34}},"loc":{"start":{"line":33,"column":39},"end":{"line":35,"column":1}},"line":33}},"branchMap":{},"s":{"0":1,"1":1,"2":1,"3":1,"4":1,"5":1,"6":1,"7":1,"8":0},"f":{"0":0},"b":{},"_coverageSchema":"1a1c01bbd47fc00a2c39e90264f33305004495a9","hash":"bbcce4a5b5e163610e4cb4f0b527a1475f42e204"}
,"/home/ichwan/program/nodejs/nodejs-fullstack/backend/src/application/database.js": {"path":"/home/ichwan/program/nodejs/nodejs-fullstack/backend/src/application/database.js","statementMap":{"0":{"start":{"line":4,"column":28},"end":{"line":23,"column":2}},"1":{"start":{"line":25,"column":0},"end":{"line":27,"column":3}},"2":{"start":{"line":26,"column":2},"end":{"line":26,"column":18}},"3":{"start":{"line":29,"column":0},"end":{"line":31,"column":3}},"4":{"start":{"line":30,"column":2},"end":{"line":30,"column":17}},"5":{"start":{"line":33,"column":0},"end":{"line":35,"column":3}},"6":{"start":{"line":34,"column":2},"end":{"line":34,"column":17}},"7":{"start":{"line":37,"column":0},"end":{"line":39,"column":3}},"8":{"start":{"line":38,"column":2},"end":{"line":38,"column":17}}},"fnMap":{"0":{"name":"(anonymous_0)","decl":{"start":{"line":25,"column":26},"end":{"line":25,"column":27}},"loc":{"start":{"line":25,"column":33},"end":{"line":27,"column":1}},"line":25},"1":{"name":"(anonymous_1)","decl":{"start":{"line":29,"column":25},"end":{"line":29,"column":26}},"loc":{"start":{"line":29,"column":32},"end":{"line":31,"column":1}},"line":29},"2":{"name":"(anonymous_2)","decl":{"start":{"line":33,"column":25},"end":{"line":33,"column":26}},"loc":{"start":{"line":33,"column":32},"end":{"line":35,"column":1}},"line":33},"3":{"name":"(anonymous_3)","decl":{"start":{"line":37,"column":26},"end":{"line":37,"column":27}},"loc":{"start":{"line":37,"column":33},"end":{"line":39,"column":1}},"line":37}},"branchMap":{},"s":{"0":1,"1":1,"2":0,"3":1,"4":0,"5":1,"6":1,"7":1,"8":20},"f":{"0":0,"1":0,"2":1,"3":20},"b":{},"_coverageSchema":"1a1c01bbd47fc00a2c39e90264f33305004495a9","hash":"a7143dc608cde8d700f4af37404e8eef297b920e"}
,"/home/ichwan/program/nodejs/nodejs-fullstack/backend/src/application/logging.js": {"path":"/home/ichwan/program/nodejs/nodejs-fullstack/backend/src/application/logging.js","statementMap":{"0":{"start":{"line":3,"column":22},"end":{"line":7,"column":2}}},"fnMap":{},"branchMap":{},"s":{"0":1},"f":{},"b":{},"_coverageSchema":"1a1c01bbd47fc00a2c39e90264f33305004495a9","hash":"3fa3488cd8f846a0ce0745c4c1407d4a59069f45"}
,"/home/ichwan/program/nodejs/nodejs-fullstack/backend/src/controller/userController.js": {"path":"/home/ichwan/program/nodejs/nodejs-fullstack/backend/src/controller/userController.js","statementMap":{"0":{"start":{"line":3,"column":17},"end":{"line":13,"column":1}},"1":{"start":{"line":4,"column":2},"end":{"line":12,"column":3}},"2":{"start":{"line":5,"column":20},"end":{"line":5,"column":28}},"3":{"start":{"line":6,"column":19},"end":{"line":6,"column":56}},"4":{"start":{"line":7,"column":4},"end":{"line":9,"column":7}},"5":{"start":{"line":11,"column":4},"end":{"line":11,"column":12}},"6":{"start":{"line":15,"column":16},"end":{"line":24,"column":1}},"7":{"start":{"line":16,"column":2},"end":{"line":23,"column":3}},"8":{"start":{"line":17,"column":19},"end":{"line":17,"column":46}},"9":{"start":{"line":18,"column":4},"end":{"line":20,"column":7}},"10":{"start":{"line":22,"column":4},"end":{"line":22,"column":12}},"11":{"start":{"line":26,"column":20},"end":{"line":36,"column":1}},"12":{"start":{"line":27,"column":2},"end":{"line":35,"column":3}},"13":{"start":{"line":28,"column":19},"end":{"line":28,"column":32}},"14":{"start":{"line":29,"column":19},"end":{"line":29,"column":56}},"15":{"start":{"line":30,"column":4},"end":{"line":32,"column":7}},"16":{"start":{"line":34,"column":4},"end":{"line":34,"column":12}}},"fnMap":{"0":{"name":"(anonymous_0)","decl":{"start":{"line":3,"column":17},"end":{"line":3,"column":18}},"loc":{"start":{"line":3,"column":43},"end":{"line":13,"column":1}},"line":3},"1":{"name":"(anonymous_1)","decl":{"start":{"line":15,"column":16},"end":{"line":15,"column":17}},"loc":{"start":{"line":15,"column":42},"end":{"line":24,"column":1}},"line":15},"2":{"name":"(anonymous_2)","decl":{"start":{"line":26,"column":20},"end":{"line":26,"column":21}},"loc":{"start":{"line":26,"column":46},"end":{"line":36,"column":1}},"line":26}},"branchMap":{},"s":{"0":1,"1":2,"2":2,"3":2,"4":1,"5":1,"6":1,"7":1,"8":1,"9":1,"10":0,"11":1,"12":0,"13":0,"14":0,"15":0,"16":0},"f":{"0":2,"1":1,"2":0},"b":{},"_coverageSchema":"1a1c01bbd47fc00a2c39e90264f33305004495a9","hash":"9b718ff7a7951127830636c574c572744ab54e73"}
,"/home/ichwan/program/nodejs/nodejs-fullstack/backend/src/error/responseError.js": {"path":"/home/ichwan/program/nodejs/nodejs-fullstack/backend/src/error/responseError.js","statementMap":{"0":{"start":{"line":3,"column":4},"end":{"line":3,"column":19}},"1":{"start":{"line":4,"column":4},"end":{"line":4,"column":25}}},"fnMap":{"0":{"name":"(anonymous_0)","decl":{"start":{"line":2,"column":2},"end":{"line":2,"column":3}},"loc":{"start":{"line":2,"column":31},"end":{"line":5,"column":3}},"line":2}},"branchMap":{},"s":{"0":1,"1":1},"f":{"0":1},"b":{},"_coverageSchema":"1a1c01bbd47fc00a2c39e90264f33305004495a9","hash":"3c5b59cb2ff196f8b58e9aeec901b8ddaba529fc"}
,"/home/ichwan/program/nodejs/nodejs-fullstack/backend/src/middleware/errorMiddleware.js": {"path":"/home/ichwan/program/nodejs/nodejs-fullstack/backend/src/middleware/errorMiddleware.js","statementMap":{"0":{"start":{"line":4,"column":24},"end":{"line":35,"column":1}},"1":{"start":{"line":5,"column":2},"end":{"line":8,"column":3}},"2":{"start":{"line":6,"column":4},"end":{"line":6,"column":11}},"3":{"start":{"line":7,"column":4},"end":{"line":7,"column":11}},"4":{"start":{"line":10,"column":2},"end":{"line":34,"column":3}},"5":{"start":{"line":11,"column":4},"end":{"line":16,"column":13}},"6":{"start":{"line":17,"column":9},"end":{"line":34,"column":3}},"7":{"start":{"line":18,"column":4},"end":{"line":26,"column":13}},"8":{"start":{"line":28,"column":4},"end":{"line":33,"column":13}}},"fnMap":{"0":{"name":"(anonymous_0)","decl":{"start":{"line":4,"column":24},"end":{"line":4,"column":25}},"loc":{"start":{"line":4,"column":55},"end":{"line":35,"column":1}},"line":4}},"branchMap":{"0":{"loc":{"start":{"line":5,"column":2},"end":{"line":8,"column":3}},"type":"if","locations":[{"start":{"line":5,"column":2},"end":{"line":8,"column":3}},{"start":{},"end":{}}],"line":5},"1":{"loc":{"start":{"line":10,"column":2},"end":{"line":34,"column":3}},"type":"if","locations":[{"start":{"line":10,"column":2},"end":{"line":34,"column":3}},{"start":{"line":17,"column":9},"end":{"line":34,"column":3}}],"line":10},"2":{"loc":{"start":{"line":17,"column":9},"end":{"line":34,"column":3}},"type":"if","locations":[{"start":{"line":17,"column":9},"end":{"line":34,"column":3}},{"start":{"line":27,"column":9},"end":{"line":34,"column":3}}],"line":17}},"s":{"0":1,"1":1,"2":0,"3":0,"4":1,"5":1,"6":0,"7":0,"8":0},"f":{"0":1},"b":{"0":[0,1],"1":[1,0],"2":[0,0]},"_coverageSchema":"1a1c01bbd47fc00a2c39e90264f33305004495a9","hash":"ac87066a85d94493772910ede447079005404def"}
,"/home/ichwan/program/nodejs/nodejs-fullstack/backend/src/route/publicRouter.js": {"path":"/home/ichwan/program/nodejs/nodejs-fullstack/backend/src/route/publicRouter.js","statementMap":{"0":{"start":{"line":4,"column":26},"end":{"line":4,"column":42}},"1":{"start":{"line":6,"column":0},"end":{"line":6,"column":51}},"2":{"start":{"line":7,"column":0},"end":{"line":7,"column":49}},"3":{"start":{"line":8,"column":0},"end":{"line":8,"column":57}}},"fnMap":{},"branchMap":{},"s":{"0":1,"1":1,"2":1,"3":1},"f":{},"b":{},"_coverageSchema":"1a1c01bbd47fc00a2c39e90264f33305004495a9","hash":"5c04b83a969e1f66cabce6a14946b3e7a61c2114"}
,"/home/ichwan/program/nodejs/nodejs-fullstack/backend/src/service/userService.js": {"path":"/home/ichwan/program/nodejs/nodejs-fullstack/backend/src/service/userService.js","statementMap":{"0":{"start":{"line":7,"column":19},"end":{"line":47,"column":1}},"1":{"start":{"line":8,"column":15},"end":{"line":8,"column":71}},"2":{"start":{"line":10,"column":2},"end":{"line":12,"column":3}},"3":{"start":{"line":11,"column":4},"end":{"line":11,"column":55}},"4":{"start":{"line":14,"column":20},"end":{"line":18,"column":4}},"5":{"start":{"line":20,"column":2},"end":{"line":22,"column":3}},"6":{"start":{"line":21,"column":4},"end":{"line":21,"column":55}},"7":{"start":{"line":24,"column":21},"end":{"line":28,"column":4}},"8":{"start":{"line":30,"column":2},"end":{"line":32,"column":3}},"9":{"start":{"line":31,"column":4},"end":{"line":31,"column":55}},"10":{"start":{"line":34,"column":2},"end":{"line":34,"column":51}},"11":{"start":{"line":36,"column":2},"end":{"line":36,"column":21}},"12":{"start":{"line":38,"column":2},"end":{"line":46,"column":5}},"13":{"start":{"line":49,"column":16},"end":{"line":58,"column":1}},"14":{"start":{"line":50,"column":2},"end":{"line":57,"column":5}},"15":{"start":{"line":60,"column":20},"end":{"line":80,"column":1}},"16":{"start":{"line":61,"column":15},"end":{"line":61,"column":65}},"17":{"start":{"line":63,"column":17},"end":{"line":73,"column":4}},"18":{"start":{"line":75,"column":2},"end":{"line":77,"column":3}},"19":{"start":{"line":76,"column":4},"end":{"line":76,"column":51}},"20":{"start":{"line":79,"column":2},"end":{"line":79,"column":14}}},"fnMap":{"0":{"name":"(anonymous_0)","decl":{"start":{"line":7,"column":19},"end":{"line":7,"column":20}},"loc":{"start":{"line":7,"column":38},"end":{"line":47,"column":1}},"line":7},"1":{"name":"(anonymous_1)","decl":{"start":{"line":49,"column":16},"end":{"line":49,"column":17}},"loc":{"start":{"line":49,"column":28},"end":{"line":58,"column":1}},"line":49},"2":{"name":"(anonymous_2)","decl":{"start":{"line":60,"column":20},"end":{"line":60,"column":21}},"loc":{"start":{"line":60,"column":38},"end":{"line":80,"column":1}},"line":60}},"branchMap":{"0":{"loc":{"start":{"line":10,"column":2},"end":{"line":12,"column":3}},"type":"if","locations":[{"start":{"line":10,"column":2},"end":{"line":12,"column":3}},{"start":{},"end":{}}],"line":10},"1":{"loc":{"start":{"line":20,"column":2},"end":{"line":22,"column":3}},"type":"if","locations":[{"start":{"line":20,"column":2},"end":{"line":22,"column":3}},{"start":{},"end":{}}],"line":20},"2":{"loc":{"start":{"line":30,"column":2},"end":{"line":32,"column":3}},"type":"if","locations":[{"start":{"line":30,"column":2},"end":{"line":32,"column":3}},{"start":{},"end":{}}],"line":30},"3":{"loc":{"start":{"line":75,"column":2},"end":{"line":77,"column":3}},"type":"if","locations":[{"start":{"line":75,"column":2},"end":{"line":77,"column":3}},{"start":{},"end":{}}],"line":75}},"s":{"0":1,"1":2,"2":1,"3":0,"4":1,"5":1,"6":0,"7":1,"8":1,"9":0,"10":1,"11":1,"12":1,"13":1,"14":1,"15":1,"16":0,"17":0,"18":0,"19":0,"20":0},"f":{"0":2,"1":1,"2":0},"b":{"0":[0,1],"1":[0,1],"2":[0,1],"3":[0,0]},"_coverageSchema":"1a1c01bbd47fc00a2c39e90264f33305004495a9","hash":"71b839a19d5a7d8f7c28a1dd45ba348880f7a135"}
,"/home/ichwan/program/nodejs/nodejs-fullstack/backend/src/validation/userValidation.js": {"path":"/home/ichwan/program/nodejs/nodejs-fullstack/backend/src/validation/userValidation.js","statementMap":{"0":{"start":{"line":3,"column":31},"end":{"line":9,"column":2}},"1":{"start":{"line":11,"column":26},"end":{"line":13,"column":2}}},"fnMap":{},"branchMap":{},"s":{"0":1,"1":1},"f":{},"b":{},"_coverageSchema":"1a1c01bbd47fc00a2c39e90264f33305004495a9","hash":"cdc26d9b516eb98d0928eeb6e750eefee893a836"}
,"/home/ichwan/program/nodejs/nodejs-fullstack/backend/src/validation/validation.js": {"path":"/home/ichwan/program/nodejs/nodejs-fullstack/backend/src/validation/validation.js","statementMap":{"0":{"start":{"line":2,"column":24},"end":{"line":13,"column":1}},"1":{"start":{"line":3,"column":17},"end":{"line":6,"column":4}},"2":{"start":{"line":8,"column":2},"end":{"line":12,"column":3}},"3":{"start":{"line":9,"column":4},"end":{"line":9,"column":55}},"4":{"start":{"line":11,"column":4},"end":{"line":11,"column":24}}},"fnMap":{"0":{"name":"(anonymous_0)","decl":{"start":{"line":2,"column":24},"end":{"line":2,"column":25}},"loc":{"start":{"line":2,"column":45},"end":{"line":13,"column":1}},"line":2}},"branchMap":{"0":{"loc":{"start":{"line":8,"column":2},"end":{"line":12,"column":3}},"type":"if","locations":[{"start":{"line":8,"column":2},"end":{"line":12,"column":3}},{"start":{"line":10,"column":9},"end":{"line":12,"column":3}}],"line":8}},"s":{"0":1,"1":2,"2":2,"3":1,"4":1},"f":{"0":2},"b":{"0":[1,1]},"_coverageSchema":"1a1c01bbd47fc00a2c39e90264f33305004495a9","hash":"cec8410b10fc221fa6a02c10878242b2f872ed4e"}
,"/home/ichwan/program/nodejs/nodejs-fullstack/backend/tests/test-utill.js": {"path":"/home/ichwan/program/nodejs/nodejs-fullstack/backend/tests/test-utill.js","statementMap":{"0":{"start":{"line":3,"column":30},"end":{"line":9,"column":1}},"1":{"start":{"line":4,"column":2},"end":{"line":8,"column":5}},"2":{"start":{"line":11,"column":30},"end":{"line":21,"column":1}},"3":{"start":{"line":12,"column":2},"end":{"line":20,"column":5}},"4":{"start":{"line":23,"column":27},"end":{"line":29,"column":1}},"5":{"start":{"line":24,"column":2},"end":{"line":28,"column":5}}},"fnMap":{"0":{"name":"(anonymous_0)","decl":{"start":{"line":3,"column":30},"end":{"line":3,"column":31}},"loc":{"start":{"line":3,"column":42},"end":{"line":9,"column":1}},"line":3},"1":{"name":"(anonymous_1)","decl":{"start":{"line":11,"column":30},"end":{"line":11,"column":31}},"loc":{"start":{"line":11,"column":42},"end":{"line":21,"column":1}},"line":11},"2":{"name":"(anonymous_2)","decl":{"start":{"line":23,"column":27},"end":{"line":23,"column":28}},"loc":{"start":{"line":23,"column":39},"end":{"line":29,"column":1}},"line":23}},"branchMap":{},"s":{"0":1,"1":3,"2":1,"3":1,"4":1,"5":0},"f":{"0":3,"1":1,"2":0},"b":{},"_coverageSchema":"1a1c01bbd47fc00a2c39e90264f33305004495a9","hash":"b0fe23770a0742bcba2e9b82cce6456399ed907b"}
}
