TN:
SF:src/index.js
FN:33,(anonymous_0)
FNF:1
FNH:0
FNDA:0,(anonymous_0)
DA:8,1
DA:10,1
DA:12,1
DA:23,1
DA:30,1
DA:31,1
DA:32,1
DA:33,1
DA:34,0
LF:9
LH:8
BRF:0
BRH:0
end_of_record
TN:
SF:src/application/database.js
FN:25,(anonymous_0)
FN:29,(anonymous_1)
FN:33,(anonymous_2)
FN:37,(anonymous_3)
FNF:4
FNH:2
FNDA:0,(anonymous_0)
FNDA:0,(anonymous_1)
FNDA:1,(anonymous_2)
FNDA:20,(anonymous_3)
DA:4,1
DA:25,1
DA:26,0
DA:29,1
DA:30,0
DA:33,1
DA:34,1
DA:37,1
DA:38,20
LF:9
LH:7
BRF:0
BRH:0
end_of_record
TN:
SF:src/application/logging.js
FNF:0
FNH:0
DA:3,1
LF:1
LH:1
BRF:0
BRH:0
end_of_record
TN:
SF:src/controller/userController.js
FN:3,(anonymous_0)
FN:15,(anonymous_1)
FN:26,(anonymous_2)
FNF:3
FNH:2
FNDA:2,(anonymous_0)
FNDA:1,(anonymous_1)
FNDA:0,(anonymous_2)
DA:3,1
DA:4,2
DA:5,2
DA:6,2
DA:7,1
DA:11,1
DA:15,1
DA:16,1
DA:17,1
DA:18,1
DA:22,0
DA:26,1
DA:27,0
DA:28,0
DA:29,0
DA:30,0
DA:34,0
LF:17
LH:11
BRF:0
BRH:0
end_of_record
TN:
SF:src/error/responseError.js
FN:2,(anonymous_0)
FNF:1
FNH:1
FNDA:1,(anonymous_0)
DA:3,1
DA:4,1
LF:2
LH:2
BRF:0
BRH:0
end_of_record
TN:
SF:src/middleware/errorMiddleware.js
FN:4,(anonymous_0)
FNF:1
FNH:1
FNDA:1,(anonymous_0)
DA:4,1
DA:5,1
DA:6,0
DA:7,0
DA:10,1
DA:11,1
DA:17,0
DA:18,0
DA:28,0
LF:9
LH:4
BRDA:5,0,0,0
BRDA:5,0,1,1
BRDA:10,1,0,1
BRDA:10,1,1,0
BRDA:17,2,0,0
BRDA:17,2,1,0
BRF:6
BRH:2
end_of_record
TN:
SF:src/route/publicRouter.js
FNF:0
FNH:0
DA:4,1
DA:6,1
DA:7,1
DA:8,1
LF:4
LH:4
BRF:0
BRH:0
end_of_record
TN:
SF:src/service/userService.js
FN:7,(anonymous_0)
FN:49,(anonymous_1)
FN:60,(anonymous_2)
FNF:3
FNH:2
FNDA:2,(anonymous_0)
FNDA:1,(anonymous_1)
FNDA:0,(anonymous_2)
DA:7,1
DA:8,2
DA:10,1
DA:11,0
DA:14,1
DA:20,1
DA:21,0
DA:24,1
DA:30,1
DA:31,0
DA:34,1
DA:36,1
DA:38,1
DA:49,1
DA:50,1
DA:60,1
DA:61,0
DA:63,0
DA:75,0
DA:76,0
DA:79,0
LF:21
LH:13
BRDA:10,0,0,0
BRDA:10,0,1,1
BRDA:20,1,0,0
BRDA:20,1,1,1
BRDA:30,2,0,0
BRDA:30,2,1,1
BRDA:75,3,0,0
BRDA:75,3,1,0
BRF:8
BRH:3
end_of_record
TN:
SF:src/validation/userValidation.js
FNF:0
FNH:0
DA:3,1
DA:11,1
LF:2
LH:2
BRF:0
BRH:0
end_of_record
TN:
SF:src/validation/validation.js
FN:2,(anonymous_0)
FNF:1
FNH:1
FNDA:2,(anonymous_0)
DA:2,1
DA:3,2
DA:8,2
DA:9,1
DA:11,1
LF:5
LH:5
BRDA:8,0,0,1
BRDA:8,0,1,1
BRF:2
BRH:2
end_of_record
TN:
SF:tests/test-utill.js
FN:3,(anonymous_0)
FN:11,(anonymous_1)
FN:23,(anonymous_2)
FNF:3
FNH:2
FNDA:3,(anonymous_0)
FNDA:1,(anonymous_1)
FNDA:0,(anonymous_2)
DA:3,1
DA:4,3
DA:11,1
DA:12,1
DA:23,1
DA:24,0
LF:6
LH:5
BRF:0
BRH:0
end_of_record
